   Compiling unicode-ident v1.0.18
   Compiling cfg-if v1.0.1
   Compiling libc v0.2.174
   Compiling memchr v2.7.5
   Compiling once_cell v1.21.3
   Compiling proc-macro2 v1.0.96
   Compiling smallvec v1.15.1
   Compiling log v0.4.27
   Compiling quote v1.0.40
   Compiling pin-project-lite v0.2.16
   Compiling syn v2.0.104
   Compiling crossbeam-utils v0.8.21
   Compiling stable_deref_trait v1.2.0
   Compiling slab v0.4.11
   Compiling futures-core v0.3.31
   Compiling linux-raw-sys v0.9.4
   Compiling futures-io v0.3.31
   Compiling winnow v0.7.12
   Compiling getrandom v0.2.16
   Compiling arrayvec v0.7.6
   Compiling zerocopy v0.8.26
   Compiling rand_core v0.6.4
   Compiling static_assertions v1.1.0
   Compiling toml_edit v0.22.27
   Compiling signal-hook-registry v1.4.6
   Compiling libloading v0.8.8
   Compiling simd-adler32 v0.3.7
   Compiling parking v2.2.1
   Compiling typenum v1.18.0
   Compiling concurrent-queue v2.5.0
   Compiling endi v1.1.0
   Compiling dlib v0.5.2
   Compiling writeable v0.6.1
   Compiling generic-array v0.14.7
   Compiling synstructure v0.13.2
   Compiling proc-macro-crate v3.3.0
   Compiling adler2 v2.0.1
   Compiling scopeguard v1.2.0
   Compiling litemap v0.8.0
   Compiling lock_api v0.4.13
   Compiling miniz_oxide v0.8.9
   Compiling getrandom v0.3.3
   Compiling libm v0.2.15
   Compiling parking_lot_core v0.9.11
   Compiling event-listener v5.4.1
   Compiling subtle v2.6.1
   Compiling siphasher v1.0.1
   Compiling serde_derive v1.0.219
   Compiling zerofrom-derive v0.1.6
   Compiling yoke-derive v0.8.0
   Compiling zerovec-derive v0.11.1
   Compiling displaydoc v0.2.5
   Compiling zerofrom v0.1.6
   Compiling yoke v0.8.0
   Compiling thiserror-impl v1.0.69
   Compiling zerovec v0.11.4
   Compiling bytemuck_derive v1.10.1
   Compiling tinystr v0.8.1
   Compiling enumflags2_derive v0.7.12
   Compiling serde v1.0.219
   Compiling thiserror v1.0.69
   Compiling bytemuck v1.23.2
   Compiling icu_locale_core v2.0.0
   Compiling potential_utf v0.1.2
   Compiling zerotrie v0.2.2
   Compiling percent-encoding v2.3.1
   Compiling icu_collections v2.0.0
