   Compiling unicode-ident v1.0.18
    Checking cfg-if v1.0.1
    Checking libc v0.2.175
    Checking smallvec v1.15.1
    Checking once_cell v1.21.3
   Compiling proc-macro2 v1.0.97
    Checking log v0.4.27
    Checking stable_deref_trait v1.2.0
    Checking memchr v2.7.5
    Checking pin-project-lite v0.2.16
    Checking crossbeam-utils v0.8.21
   Compiling quote v1.0.40
    Checking slab v0.4.11
    Checking futures-core v0.3.31
    Checking writeable v0.6.1
    Checking litemap v0.8.0
   Compiling syn v2.0.105
    Checking futures-io v0.3.31
    Checking linux-raw-sys v0.9.4
    Checking zerocopy v0.8.26
    Checking getrandom v0.2.16
    Checking percent-encoding v2.3.1
    Checking rand_core v0.6.4
    Checking icu_normalizer_data v2.0.0
    Checking icu_properties_data v2.0.1
    Checking arrayvec v0.7.6
    Checking typenum v1.18.0
    Checking utf8_iter v1.0.4
    Checking form_urlencoded v1.2.1
    Checking generic-array v0.14.7
    Checking zeroize v1.8.1
   Compiling winnow v0.7.12
    Checking signal-hook-registry v1.4.6
    Checking parking v2.2.1
    Checking concurrent-queue v2.5.0
    Checking libloading v0.8.8
   Compiling static_assertions v1.1.0
   Compiling cfg_aliases v0.2.1
    Checking crypto-common v0.1.6
    Checking event-listener v5.4.1
   Compiling getrandom v0.3.3
    Checking event-listener-strategy v0.5.4
    Checking dlib v0.5.2
   Compiling wayland-sys v0.31.7
   Compiling lock_api v0.4.13
    Checking fastrand v2.3.0
    Checking simd-adler32 v0.3.7
   Compiling parking_lot_core v0.9.11
    Checking ppv-lite86 v0.2.21
   Compiling libm v0.2.15
    Checking subtle v2.6.1
    Checking scopeguard v1.2.0
   Compiling toml_edit v0.22.27
   Compiling synstructure v0.13.2
    Checking futures-lite v2.6.1
   Compiling wayland-backend v0.3.11
    Checking adler2 v2.0.1
   Compiling crc32fast v1.5.0
    Checking miniz_oxide v0.8.9
   Compiling proc-macro-crate v3.3.0
    Checking parking_lot v0.12.4
    Checking tracing-core v0.1.34
   Compiling serde_derive v1.0.219
   Compiling zerofrom-derive v0.1.6
   Compiling yoke-derive v0.8.0
   Compiling zerovec-derive v0.11.1
    Checking zerofrom v0.1.6
   Compiling displaydoc v0.2.5
    Checking yoke v0.8.0
   Compiling thiserror-impl v1.0.69
    Checking zerovec v0.11.4
    Checking potential_utf v0.1.2
   Compiling enumflags2_derive v0.7.12
    Checking tinystr v0.8.1
    Checking serde v1.0.219
    Checking zerotrie v0.2.2
    Checking icu_locale_core v2.0.0
    Checking icu_collections v2.0.0
    Checking thiserror v1.0.69
    Checking icu_provider v2.0.0
   Compiling bytemuck_derive v1.10.1
    Checking icu_normalizer v2.0.0
    Checking icu_properties v2.0.1
    Checking idna_adapter v1.2.1
    Checking bytemuck v1.23.2
    Checking idna v1.0.3
    Checking bitflags v2.9.1
   Compiling tracing-attributes v0.1.30
    Checking url v2.5.4
    Checking rustix v1.0.8
    Checking downcast-rs v1.2.1
   Compiling endi v1.1.0
    Checking scoped-tls v1.0.1
    Checking futures-sink v0.3.31
    Checking futures-channel v0.3.31
    Checking core_maths v0.1.1
   Compiling zvariant_utils v3.2.0
   Compiling enumflags2 v0.7.12
   Compiling futures-macro v0.3.31
   Compiling zvariant_derive v5.6.0
    Checking tracing v0.1.41
    Checking async-lock v3.4.1
   Compiling zvariant v5.6.0
    Checking rustls-pki-types v1.12.0
   Compiling quick-xml v0.37.5
    Checking polling v3.10.0
    Checking futures-task v0.3.31
    Checking itoa v1.0.15
    Checking pin-utils v0.1.0
   Compiling wayland-client v0.31.11
    Checking async-task v4.7.1
    Checking futures-util v0.3.31
   Compiling wayland-scanner v0.31.7
   Compiling zbus_names v4.2.0
    Checking flate2 v1.1.2
    Checking ttf-parser v0.25.1
    Checking async-channel v2.5.0
   Compiling memoffset v0.9.1
   Compiling ring v0.17.14
    Checking cpufeatures v0.2.17
    Checking atomic-waker v1.1.2
    Checking piper v0.2.4
    Checking async-io v2.5.0
   Compiling num-traits v0.2.19
   Compiling unicase v2.8.1
    Checking base64 v0.22.1
   Compiling siphasher v1.0.1
   Compiling rand v0.8.5
   Compiling phf_shared v0.11.3
    Checking blocking v1.6.2
   Compiling nix v0.30.1
    Checking bytes v1.10.1
    Checking untrusted v0.9.0
    Checking either v1.15.0
   Compiling rustix v0.38.44
   Compiling phf_generator v0.11.3
    Checking async-signal v0.2.12
   Compiling rustls v0.23.31
    Checking linux-raw-sys v0.4.15
   Compiling bitcoin-io v0.1.3
    Checking async-process v2.4.0
   Compiling phf_macros v0.11.3
    Checking wayland-protocols v0.32.9
   Compiling zbus_macros v5.9.0
    Checking rustls-webpki v0.103.4
    Checking async-executor v1.13.2
   Compiling quick-xml v0.36.2
   Compiling async-trait v0.1.88
   Compiling serde_repr v0.1.20
    Checking rand_chacha v0.3.1
    Checking fdeflate v0.3.7
    Checking async-broadcast v0.7.2
    Checking block-buffer v0.10.4
    Checking memmap2 v0.9.7
    Checking ordered-stream v0.2.0
    Checking crossbeam-epoch v0.9.18
    Checking hex v0.4.3
   Compiling khronos_api v3.1.0
   Compiling rayon-core v1.13.0
    Checking tinyvec_macros v0.1.1
   Compiling serde_json v1.0.142
    Checking float-cmp v0.9.0
    Checking bitflags v1.3.2
    Checking strict-num v0.1.1
    Checking png v0.17.16
    Checking tinyvec v1.9.0
    Checking zbus v5.9.0
    Checking crossbeam-deque v0.8.6
   Compiling zbus_xml v5.0.2
    Checking digest v0.10.7
   Compiling phf v0.11.3
    Checking owned_ttf_parser v0.25.1
   Compiling profiling-procmacros v1.0.17
   Compiling equator-macro v0.4.2
   Compiling tokio-macros v2.5.0
    Checking block-padding v0.3.3
    Checking hex-conservative v0.2.1
    Checking mio v1.0.4
    Checking socket2 v0.6.0
   Compiling ahash v0.8.12
   Compiling secp256k1-sys v0.10.1
    Checking ab_glyph_rasterizer v0.1.10
    Checking arrayref v0.3.9
    Checking ryu v1.0.20
    Checking tiny-skia-path v0.11.4
    Checking ab_glyph v0.2.31
    Checking tokio v1.47.1
    Checking bitcoin_hashes v0.14.0
    Checking inout v0.1.4
    Checking equator v0.4.2
    Checking profiling v1.0.17
   Compiling zbus-lockstep v0.5.1
    Checking num-integer v0.1.46
   Compiling enumn v0.1.14
   Compiling anyhow v1.0.99
   Compiling semver v1.0.26
   Compiling xml-rs v0.8.27
    Checking accesskit v0.19.0
   Compiling gl_generator v0.14.0
    Checking num-bigint v0.4.6
   Compiling zbus-lockstep-macros v0.5.1
    Checking aligned-vec v0.6.4
    Checking cipher v0.4.4
    Checking calloop v0.13.0
    Checking rand_core v0.9.3
   Compiling x11-dl v2.21.0
   Compiling paste v1.0.15
    Checking cursor-icon v1.2.0
   Compiling smithay-client-toolkit v0.19.2
    Checking minimal-lexical v0.2.1
   Compiling built v0.7.7
    Checking xkeysym v0.2.1
   Compiling httparse v1.10.1
   Compiling bitcoin-internals v0.2.0
    Checking xcursor v0.3.10
   Compiling rav1e v0.7.1
    Checking wayland-cursor v0.31.11
    Checking nom v7.1.3
    Checking calloop-wayland-source v0.3.0
    Checking wayland-csd-frame v0.3.0
    Checking rand_chacha v0.9.0
    Checking num-rational v0.4.2
    Checking atspi-common v0.9.0
    Checking v_frame v0.3.9
    Checking secp256k1 v0.29.1
    Checking rayon v1.11.0
    Checking tiny-skia v0.11.4
    Checking wayland-protocols-wlr v0.3.9
    Checking webpki-roots v1.0.2
    Checking raw-window-handle v0.6.2
    Checking bech32 v0.11.0
    Checking quick-error v2.0.1
    Checking weezl v0.1.10
    Checking fnv v1.0.7
    Checking http v1.3.1
    Checking maybe-rayon v0.1.1
    Checking webpki-roots v0.26.11
    Checking av1-grain v0.2.4
   Compiling rustc_version v0.4.1
    Checking rand v0.9.2
    Checking sha1 v0.10.6
    Checking itertools v0.12.1
    Checking rgb v0.8.52
    Checking emath v0.32.0
   Compiling num-derive v0.4.2
   Compiling arg_enum_proc_macro v0.3.4
   Compiling simd_helpers v0.1.0
    Checking x11rb-protocol v0.13.1
    Checking utf-8 v0.7.6
    Checking byteorder-lite v0.1.0
    Checking color_quant v1.1.0
    Checking as-raw-xcb-connection v1.0.1
    Checking zune-core v0.4.12
   Compiling bitcoin-internals v0.3.0
    Checking new_debug_unreachable v1.0.6
    Checking bitstream-io v2.6.0
    Checking hex-conservative v0.1.2
    Checking foldhash v0.1.5
    Checking imgref v1.11.0
   Compiling thiserror v2.0.14
    Checking data-encoding v2.9.0
   Compiling noop_proc_macro v0.3.0
    Checking loop9 v0.1.5
    Checking hashbrown v0.15.5
    Checking bitcoin_hashes v0.13.0
    Checking zune-jpeg v0.4.20
    Checking image-webp v0.2.3
    Checking gif v0.13.3
    Checking ecolor v0.32.0
   Compiling flatbuffers v25.2.10
    Checking atspi-proxies v0.9.0
   Compiling doxygen-rs v0.4.2
    Checking unicode-normalization v0.1.24
    Checking unic-langid-impl v0.9.6
   Compiling thiserror-impl v2.0.14
    Checking zune-inflate v0.2.54
   Compiling winit v0.30.12
    Checking avif-serialize v0.8.5
   Compiling slotmap v1.0.7
    Checking half v2.6.0
    Checking byteorder v1.5.0
    Checking epaint_default_fonts v0.32.0
    Checking nohash-hasher v0.2.0
    Checking lebe v0.5.2
    Checking jpeg-decoder v0.3.2
    Checking bit_field v0.10.2
    Checking ravif v0.11.20
    Checking exr v1.73.0
    Checking tiff v0.9.1
    Checking epaint v0.32.0
    Checking atspi-connection v0.9.0
    Checking unic-langid v0.9.6
    Checking bip39 v2.2.0
   Compiling lmdb-master-sys v0.2.5
    Checking accesskit_consumer v0.28.0
    Checking sctk-adwaita v0.10.1
    Checking xkbcommon-dl v0.4.2
    Checking tokio-rustls v0.26.2
    Checking aes v0.8.4
    Checking cbc v0.1.2
   Compiling glutin_glx_sys v0.6.1
   Compiling glutin_egl_sys v0.7.1
    Checking wayland-protocols-plasma v0.3.9
    Checking x11rb v0.13.1
    Checking ron v0.10.1
    Checking qoi v0.4.1
    Checking dpi v0.1.2
    Checking smol_str v0.2.2
    Checking roxmltree v0.20.0
   Compiling hex_lit v0.1.1
    Checking unicode-segmentation v1.12.0
    Checking fontconfig-parser v0.5.8
    Checking image v0.25.6
    Checking egui v0.32.0
    Checking nostr v0.43.0
    Checking accesskit_atspi_common v0.12.0
    Checking atspi v0.25.0
    Checking tungstenite v0.26.2
    Checking bincode v1.3.3
   Compiling glutin v0.32.3
    Checking kurbo v0.11.3
    Checking crossbeam-queue v0.3.12
   Compiling bitcoin v0.32.7
    Checking unicode-bidi-mirroring v0.4.0
    Checking lru v0.16.0
    Checking heed-traits v0.20.0
    Checking unicode-script v0.5.7
    Checking rustc-hash v2.1.1
   Compiling litrs v0.4.2
    Checking unicode-ccc v0.4.0
    Checking unicode-properties v0.1.3
    Checking svgtypes v0.15.3
    Checking rustybuzz v0.20.1
    Checking type-map v0.5.1
   Compiling document-features v0.2.11
    Checking heed-types v0.20.1
    Checking nostr-database v0.43.0
    Checking synchronoise v1.0.1
    Checking tokio-tungstenite v0.26.2
    Checking fontdb v0.23.0
    Checking accesskit_unix v0.15.0
    Checking base58ck v0.1.0
    Checking bitcoin-units v0.1.2
    Checking async-utility v0.3.1
    Checking tokio-socks v0.5.2
   Compiling mime_guess2 v2.3.1
   Compiling glutin-winit v0.5.0
    Checking page_size v0.6.0
    Checking aho-corasick v1.1.3
    Checking simplecss v0.2.2
    Checking pico-args v0.5.0
    Checking self_cell v1.2.0
    Checking unicode-vo v0.1.0
    Checking unicode-bidi v0.3.18
    Checking data-url v0.3.1
    Checking imagesize v0.13.0
    Checking regex-syntax v0.8.5
    Checking xmlwriter v0.1.0
    Checking usvg v0.45.1
    Checking self_cell v0.10.3
    Checking heed v0.20.5
    Checking accesskit_winit v0.27.0
    Checking async-wsocket v0.13.1
    Checking intl-memoizer v0.5.3
    Checking arboard v3.6.0
    Checking intl_pluralrules v7.0.2
    Checking regex-automata v0.4.9
    Checking fluent-langneg v0.13.0
    Checking smithay-clipboard v0.7.2
    Checking ureq v2.12.1
    Checking async-fs v2.1.3
    Checking async-net v2.0.0
    Checking rustls-pemfile v2.2.0
    Checking webbrowser v1.0.5
    Checking fluent-syntax v0.11.1
   Compiling enum-map-derive v0.17.0
    Checking universal-hash v0.5.1
    Checking atomic-destructor v0.3.0
    Checking web-time v1.1.0
    Checking mime v0.3.17
    Checking opaque-debug v0.3.1
   Compiling rfd v0.15.4
    Checking glow v0.16.0
    Checking negentropy v0.5.0
    Checking rustc-hash v1.1.0
    Checking openssl-probe v0.1.6
    Checking option-ext v0.2.0
    Checking dirs-sys v0.4.1
    Checking rustls-native-certs v0.7.3
    Checking fluent-bundle v0.15.3
    Checking regex v1.11.1
    Checking lightning-types v0.2.0
    Checking nostr-relay-pool v0.43.0
    Checking enum-map v2.7.3
    Checking poly1305 v0.8.0
    Checking egui-winit v0.32.0
    Checking ashpd v0.11.0
    Checking ehttp v0.5.0
    Checking egui_glow v0.32.0
    Checking resvg v0.45.1
    Checking nostr-lmdb v0.43.0
    Checking tungstenite v0.23.0
    Checking chacha20 v0.9.1
    Checking hmac v0.12.1
    Checking futures-executor v0.3.31
    Checking aead v0.5.2
    Checking is-terminal v0.4.16
    Checking urlencoding v2.1.3
    Checking termcolor v1.4.1
    Checking pollster v0.4.0
    Checking home v0.5.11
    Checking iana-time-zone v0.1.63
    Checking humantime v2.2.0
    Checking eframe v0.32.0
    Checking chrono v0.4.41
    Checking env_logger v0.10.2
    Checking nostr-sdk v0.43.0
    Checking chacha20poly1305 v0.10.1
    Checking futures v0.3.31
    Checking async-tungstenite v0.26.2
    Checking pbkdf2 v0.12.2
    Checking egui_extras v0.32.0
    Checking lightning-invoice v0.33.2
    Checking fluent v0.16.1
    Checking dirs v5.0.1
    Checking sha2 v0.10.9
    Checking rpassword v2.1.0
    Checking bech32 v0.9.1
    Checking base64 v0.21.7
    Checking N v0.1.0 (/app)
    Finished `dev` profile [unoptimized + debuginfo] target(s) in 1m 17s
