   Compiling rustix v0.38.44
   Compiling wayland-protocols v0.32.9
   Compiling zbus_macros v5.9.0
   Compiling async-executor v1.13.2
   Compiling rand_chacha v0.3.1
   Compiling fdeflate v0.3.7
   Compiling async-broadcast v0.7.2
   Compiling quick-xml v0.36.2
   Compiling block-buffer v0.10.4
   Compiling ordered-stream v0.2.0
   Compiling crossbeam-epoch v0.9.18
   Compiling async-trait v0.1.88
   Compiling serde_repr v0.1.20
   Compiling memmap2 v0.9.7
   Compiling bitflags v1.3.2
   Compiling tinyvec_macros v0.1.1
   Compiling float-cmp v0.9.0
   Compiling hex v0.4.3
   Compiling strict-num v0.1.1
   Compiling tinyvec v1.9.0
   Compiling png v0.17.16
   Compiling zbus v5.9.0
   Compiling crossbeam-deque v0.8.6
   Compiling digest v0.10.7
   Compiling zbus_xml v5.0.2
   Compiling rand v0.8.5
   Compiling rustls v0.23.31
   Compiling bitcoin-io v0.1.3
   Compiling phf v0.11.3
   Compiling owned_ttf_parser v0.25.1
   Compiling block-padding v0.3.3
   Compiling hex-conservative v0.2.1
   Compiling equator-macro v0.4.2
   Compiling profiling-procmacros v1.0.17
   Compiling tokio-macros v2.5.0
   Compiling mio v1.0.4
   Compiling socket2 v0.6.0
   Compiling arrayref v0.3.9
   Compiling ryu v1.0.20
   Compiling ab_glyph_rasterizer v0.1.10
   Compiling serde_json v1.0.142
   Compiling ab_glyph v0.2.31
   Compiling tiny-skia-path v0.11.4
   Compiling tokio v1.47.1
   Compiling profiling v1.0.17
   Compiling equator v0.4.2
   Compiling bitcoin_hashes v0.14.0
   Compiling inout v0.1.4
   Compiling zbus-lockstep v0.5.1
   Compiling rayon-core v1.13.0
   Compiling num-integer v0.1.46
   Compiling enumn v0.1.14
   Compiling num-bigint v0.4.6
   Compiling zbus-lockstep-macros v0.5.1
   Compiling accesskit v0.19.0
   Compiling cipher v0.4.4
   Compiling secp256k1-sys v0.10.1
   Compiling ahash v0.8.12
   Compiling aligned-vec v0.6.4
   Compiling calloop v0.13.0
   Compiling rand_core v0.9.3
   Compiling cursor-icon v1.2.0
   Compiling xcursor v0.3.10
   Compiling xkeysym v0.2.1
   Compiling minimal-lexical v0.2.1
   Compiling calloop-wayland-source v0.3.0
   Compiling wayland-cursor v0.31.11
   Compiling nom v7.1.3
   Compiling wayland-csd-frame v0.3.0
   Compiling rand_chacha v0.9.0
   Compiling atspi-common v0.9.0
   Compiling v_frame v0.3.9
   Compiling secp256k1 v0.29.1
   Compiling num-rational v0.4.2
   Compiling anyhow v1.0.99
   Compiling rayon v1.11.0
   Compiling tiny-skia v0.11.4
   Compiling wayland-protocols-wlr v0.3.9
   Compiling webpki-roots v1.0.2
   Compiling quick-error v2.0.1
   Compiling fnv v1.0.7
   Compiling bech32 v0.11.0
   Compiling weezl v0.1.10
   Compiling raw-window-handle v0.6.2
   Compiling http v1.3.1
   Compiling webpki-roots v0.26.11
   Compiling maybe-rayon v0.1.1
   Compiling smithay-client-toolkit v0.19.2
   Compiling av1-grain v0.2.4
   Compiling rand v0.9.2
   Compiling x11-dl v2.21.0
   Compiling httparse v1.10.1
   Compiling bitcoin-internals v0.2.0
   Compiling sha1 v0.10.6
   Compiling itertools v0.12.1
   Compiling rgb v0.8.52
   Compiling emath v0.32.0
   Compiling arg_enum_proc_macro v0.3.4
   Compiling num-derive v0.4.2
   Compiling simd_helpers v0.1.0
   Compiling zune-core v0.4.12
   Compiling data-encoding v2.9.0
   Compiling color_quant v1.1.0
   Compiling bitstream-io v2.6.0
   Compiling foldhash v0.1.5
   Compiling byteorder-lite v0.1.0
   Compiling hex-conservative v0.1.2
   Compiling utf-8 v0.7.6
   Compiling new_debug_unreachable v1.0.6
   Compiling as-raw-xcb-connection v1.0.1
   Compiling imgref v1.11.0
   Compiling x11rb-protocol v0.13.1
   Compiling rav1e v0.7.1
   Compiling loop9 v0.1.5
   Compiling image-webp v0.2.3
   Compiling bitcoin_hashes v0.13.0
   Compiling hashbrown v0.15.5
   Compiling gif v0.13.3
   Compiling zune-jpeg v0.4.20
   Compiling ecolor v0.32.0
   Compiling atspi-proxies v0.9.0
   Compiling doxygen-rs v0.4.2
   Compiling unicode-normalization v0.1.24
   Compiling zune-inflate v0.2.54
   Compiling avif-serialize v0.8.5
   Compiling unic-langid-impl v0.9.6
   Compiling thiserror-impl v2.0.14
   Compiling half v2.6.0
   Compiling nohash-hasher v0.2.0
   Compiling jpeg-decoder v0.3.2
   Compiling epaint_default_fonts v0.32.0
   Compiling lebe v0.5.2
   Compiling byteorder v1.5.0
   Compiling bit_field v0.10.2
   Compiling exr v1.73.0
   Compiling tiff v0.9.1
   Compiling thiserror v2.0.14
   Compiling epaint v0.32.0
   Compiling unic-langid v0.9.6
   Compiling atspi-connection v0.9.0
   Compiling ravif v0.11.20
   Compiling bip39 v2.2.0
   Compiling x11rb v0.13.1
   Compiling lmdb-master-sys v0.2.5
   Compiling bitcoin-internals v0.3.0
   Compiling accesskit_consumer v0.28.0
   Compiling sctk-adwaita v0.10.1
   Compiling xkbcommon-dl v0.4.2
   Compiling tokio-rustls v0.26.2
   Compiling aes v0.8.4
   Compiling cbc v0.1.2
   Compiling wayland-protocols-plasma v0.3.9
   Compiling ron v0.10.1
   Compiling qoi v0.4.1
   Compiling dpi v0.1.2
   Compiling smol_str v0.2.2
   Compiling roxmltree v0.20.0
   Compiling unicode-segmentation v1.12.0
   Compiling egui v0.32.0
   Compiling fontconfig-parser v0.5.8
   Compiling winit v0.30.12
   Compiling image v0.25.6
   Compiling nostr v0.43.0
   Compiling accesskit_atspi_common v0.12.0
   Compiling flatbuffers v25.2.10
   Compiling atspi v0.25.0
   Compiling slotmap v1.0.7
   Compiling tungstenite v0.26.2
   Compiling kurbo v0.11.3
   Compiling crossbeam-queue v0.3.12
   Compiling bincode v1.3.3
   Compiling unicode-script v0.5.7
   Compiling unicode-bidi-mirroring v0.4.0
   Compiling rustc-hash v2.1.1
   Compiling unicode-properties v0.1.3
   Compiling unicode-ccc v0.4.0
   Compiling lru v0.16.0
   Compiling heed-traits v0.20.0
   Compiling heed-types v0.20.1
   Compiling nostr-database v0.43.0
   Compiling rustybuzz v0.20.1
   Compiling type-map v0.5.1
   Compiling synchronoise v1.0.1
   Compiling svgtypes v0.15.3
   Compiling tokio-tungstenite v0.26.2
   Compiling fontdb v0.23.0
   Compiling accesskit_unix v0.15.0
   Compiling glutin_glx_sys v0.6.1
   Compiling glutin_egl_sys v0.7.1
   Compiling hex_lit v0.1.1
   Compiling bitcoin-units v0.1.2
   Compiling base58ck v0.1.0
   Compiling async-utility v0.3.1
   Compiling tokio-socks v0.5.2
   Compiling mime_guess2 v2.3.1
   Compiling simplecss v0.2.2
   Compiling page_size v0.6.0
   Compiling aho-corasick v1.1.3
   Compiling imagesize v0.13.0
   Compiling unicode-vo v0.1.0
   Compiling data-url v0.3.1
   Compiling xmlwriter v0.1.0
   Compiling self_cell v1.2.0
   Compiling unicode-bidi v0.3.18
   Compiling regex-syntax v0.8.5
   Compiling pico-args v0.5.0
   Compiling usvg v0.45.1
   Compiling accesskit_winit v0.27.0
   Compiling regex-automata v0.4.9
   Compiling self_cell v0.10.3
   Compiling heed v0.20.5
   Compiling async-wsocket v0.13.1
   Compiling bitcoin v0.32.7
   Compiling glutin v0.32.3
   Compiling intl-memoizer v0.5.3
   Compiling arboard v3.6.0
   Compiling fluent-langneg v0.13.0
   Compiling intl_pluralrules v7.0.2
   Compiling smithay-clipboard v0.7.2
   Compiling ureq v2.12.1
   Compiling async-net v2.0.0
   Compiling async-fs v2.1.3
   Compiling rustls-pemfile v2.2.0
   Compiling universal-hash v0.5.1
   Compiling webbrowser v1.0.5
   Compiling fluent-syntax v0.11.1
   Compiling enum-map-derive v0.17.0
   Compiling glow v0.16.0
   Compiling web-time v1.1.0
   Compiling rustc-hash v1.1.0
   Compiling openssl-probe v0.1.6
   Compiling opaque-debug v0.3.1
   Compiling atomic-destructor v0.3.0
   Compiling negentropy v0.5.0
   Compiling mime v0.3.17
   Compiling option-ext v0.2.0
   Compiling dirs-sys v0.4.1
   Compiling nostr-relay-pool v0.43.0
   Compiling enum-map v2.7.3
   Compiling poly1305 v0.8.0
   Compiling egui_glow v0.32.0
   Compiling rustls-native-certs v0.7.3
   Compiling fluent-bundle v0.15.3
   Compiling egui-winit v0.32.0
   Compiling ashpd v0.11.0
   Compiling lightning-types v0.2.0
   Compiling ehttp v0.5.0
   Compiling glutin-winit v0.5.0
   Compiling nostr-lmdb v0.43.0
   Compiling regex v1.11.1
   Compiling resvg v0.45.1
   Compiling tungstenite v0.23.0
   Compiling chacha20 v0.9.1
   Compiling hmac v0.12.1
   Compiling futures-executor v0.3.31
   Compiling aead v0.5.2
   Compiling is-terminal v0.4.16
   Compiling pollster v0.4.0
   Compiling termcolor v1.4.1
   Compiling urlencoding v2.1.3
   Compiling iana-time-zone v0.1.63
   Compiling humantime v2.2.0
   Compiling home v0.5.11
   Compiling eframe v0.32.0
   Compiling env_logger v0.10.2
   Compiling chrono v0.4.41
   Compiling rfd v0.15.4
   Compiling chacha20poly1305 v0.10.1
   Compiling futures v0.3.31
   Compiling pbkdf2 v0.12.2
   Compiling async-tungstenite v0.26.2
   Compiling egui_extras v0.32.0
   Compiling nostr-sdk v0.43.0
   Compiling lightning-invoice v0.33.2
   Compiling fluent v0.16.1
   Compiling dirs v5.0.1
   Compiling sha2 v0.10.9
   Compiling rpassword v2.1.0
   Compiling bech32 v0.9.1
   Compiling base64 v0.21.7
   Compiling N v0.1.0 (/app)
    Finished `dev` profile [unoptimized + debuginfo] target(s) in 2m 27s
